<?xml version="1.0" encoding="UTF-8"?>
<!-- Generated by org.testng.reporters.JUnitXMLReporter -->
<testsuite hostname="DESKTOP-DKHP1QL" ignored="0" name="smokeTests" tests="3" failures="0" timestamp="04 Mar 2018 18:14:35 GMT" time="40.42" errors="0">
  <testcase name="searchTest" time="3.429" classname="com.statista.tests.search.SearchTest"/>
  <testcase name="positiveLoginTest" time="6.293" classname="com.statista.tests.registration.LoginTest"/>
  <testcase name="contactusTest" time="1.536" classname="com.statista.tests.search.ContactusTest"/>
</testsuite> <!-- smokeTests -->
