<?xml version="1.0" encoding="UTF-8"?>
<testng-results skipped="0" failed="0" ignored="0" total="1" passed="1">
  <reporter-output>
  </reporter-output>
  <suite name="Default suite" duration-ms="23864" started-at="2018-03-04T10:16:11Z" finished-at="2018-03-04T10:16:34Z">
    <groups>
      <group name="smoke">
        <method signature="CountryCheckBoxTests.checkBoxCountryTest()[pri:0, instance:com.statista.tests.search.CountryCheckBoxTests@c038203]" name="checkBoxCountryTest" class="com.statista.tests.search.CountryCheckBoxTests"/>
      </group> <!-- smoke -->
    </groups>
    <test name="Default test" duration-ms="23864" started-at="2018-03-04T10:16:11Z" finished-at="2018-03-04T10:16:34Z">
      <class name="com.statista.tests.search.CountryCheckBoxTests">
        <test-method status="PASS" signature="setUp()[pri:0, instance:com.statista.tests.search.CountryCheckBoxTests@c038203]" name="setUp" is-config="true" duration-ms="13981" started-at="2018-03-04T05:16:11Z" finished-at="2018-03-04T05:16:25Z">
          <reporter-output>
          </reporter-output>
        </test-method> <!-- setUp -->
        <test-method status="PASS" signature="checkBoxCountryTest()[pri:0, instance:com.statista.tests.search.CountryCheckBoxTests@c038203]" name="checkBoxCountryTest" duration-ms="9848" started-at="2018-03-04T05:16:25Z" finished-at="2018-03-04T05:16:34Z">
          <reporter-output>
          </reporter-output>
        </test-method> <!-- checkBoxCountryTest -->
        <test-method status="PASS" signature="shutDown()[pri:0, instance:com.statista.tests.search.CountryCheckBoxTests@c038203]" name="shutDown" is-config="true" duration-ms="0" started-at="2018-03-04T05:16:34Z" finished-at="2018-03-04T05:16:34Z">
          <reporter-output>
          </reporter-output>
        </test-method> <!-- shutDown -->
      </class> <!-- com.statista.tests.search.CountryCheckBoxTests -->
    </test> <!-- Default test -->
  </suite> <!-- Default suite -->
</testng-results>
