<?xml version="1.0" encoding="UTF-8"?>
<testng-results skipped="0" failed="0" ignored="0" total="1" passed="1">
  <reporter-output>
  </reporter-output>
  <suite name="Default suite" duration-ms="18280" started-at="2018-03-06T02:53:39Z" finished-at="2018-03-06T02:53:58Z">
    <groups>
      <group name="smoke">
        <method signature="CountryCheckBoxTests.positiveTestForNorthAmericaRegionSelectBox()[pri:0, instance:com.statista.tests.search.CountryCheckBoxTests@c038203]" name="positiveTestForNorthAmericaRegionSelectBox" class="com.statista.tests.search.CountryCheckBoxTests"/>
      </group> <!-- smoke -->
    </groups>
    <test name="Default test" duration-ms="18280" started-at="2018-03-06T02:53:39Z" finished-at="2018-03-06T02:53:58Z">
      <class name="com.statista.tests.search.CountryCheckBoxTests">
        <test-method status="PASS" signature="setUp()[pri:0, instance:com.statista.tests.search.CountryCheckBoxTests@c038203]" name="setUp" is-config="true" duration-ms="9681" started-at="2018-03-05T21:53:39Z" finished-at="2018-03-05T21:53:49Z">
          <reporter-output>
          </reporter-output>
        </test-method> <!-- setUp -->
        <test-method status="PASS" signature="positiveTestForNorthAmericaRegionSelectBox()[pri:0, instance:com.statista.tests.search.CountryCheckBoxTests@c038203]" name="positiveTestForNorthAmericaRegionSelectBox" duration-ms="8566" started-at="2018-03-05T21:53:49Z" finished-at="2018-03-05T21:53:58Z">
          <reporter-output>
          </reporter-output>
        </test-method> <!-- positiveTestForNorthAmericaRegionSelectBox -->
        <test-method status="PASS" signature="shutDown()[pri:0, instance:com.statista.tests.search.CountryCheckBoxTests@c038203]" name="shutDown" is-config="true" duration-ms="1" started-at="2018-03-05T21:53:58Z" finished-at="2018-03-05T21:53:58Z">
          <reporter-output>
          </reporter-output>
        </test-method> <!-- shutDown -->
      </class> <!-- com.statista.tests.search.CountryCheckBoxTests -->
    </test> <!-- Default test -->
  </suite> <!-- Default suite -->
</testng-results>
